UFRJ raiz dir esq esq esq esq esq NÃ?O
PUCRS raiz esq dir dir dir dir dir esq esq esq NÃ?O
UCLA raiz esq dir dir dir dir dir dir esq NÃ?O
PUCMG raiz esq dir dir dir dir dir esq esq esq NÃ?O
UFRGS raiz dir esq esq esq esq esq NÃ?O
UFMG raiz esq dir dir dir dir dir dir dir dir NÃ?O
PUCPR raiz esq dir dir dir dir dir esq esq esq NÃ?O
PUCRIO raiz esq dir dir dir dir dir esq esq esq NÃ?O
FATERJ raiz esq dir esq dir dir esq esq esq SIM
FACESTA raiz esq esq dir dir esq esq esq SIM
CEUB raiz esq esq dir esq esq dir dir NÃ?O
FAZAG raiz esq dir esq dir dir esq esq esq dir esq SIM
AVANTIS raiz esq esq dir esq esq dir SIM
FASAR raiz esq dir esq esq esq dir SIM
PUCGO raiz esq dir dir dir dir dir esq esq esq NÃ?O
MIT raiz esq dir dir dir dir dir esq esq esq NÃ?O
FAEX raiz esq esq dir dir esq esq esq dir dir dir esq SIM
FLF raiz esq dir esq dir dir SIM
ENSITEC raiz esq esq dir esq dir dir esq dir SIM
UNIFRA raiz dir esq dir SIM
EMSM raiz esq esq dir esq dir dir esq SIM
UNINCOR raiz dir SIM
Laboro raiz esq dir dir dir dir SIM
FAMETA raiz esq esq dir dir dir esq SIM
IFRR raiz esq dir dir dir esq SIM
FCAT raiz esq dir esq dir dir esq esq esq dir SIM
FAT raiz esq dir esq esq esq dir dir SIM
UFPE raiz dir esq esq esq esq esq NÃ?O
SENAC raiz esq dir dir dir dir dir esq esq SIM
FARESI raiz esq dir esq esq esq dir esq SIM
SENAI raiz esq dir dir dir dir dir esq SIM
FAJANSSEN raiz esq esq dir dir esq esq esq dir dir dir dir SIM
UFERSA raiz esq dir dir dir dir dir dir dir SIM
FSA raiz esq dir dir esq esq dir SIM
OXFORD raiz esq dir dir dir dir dir esq esq esq NÃ?O
FAMA raiz esq esq dir dir esq esq dir SIM
USP raiz dir dir dir esq NÃ?O
FMO raiz esq dir esq dir dir dir dir SIM
UFMA raiz esq dir dir dir dir dir dir dir dir NÃ?O
FASPI raiz esq dir esq esq esq dir dir esq dir SIM
