2111300
1502400
1200401
1506807
1100205
2211001
2304400
2611606
2408102
2800308
2311306
2932903
2304400
1600303
2609600
2609600
1400100
2700300
2706307
2305407
2900702
2908408
2915601
2927408
2927408
2927408
2111300
2933307
3106200
3106200
3106200
3118304
3304904
3306008
3125101
3131901
4204202
3148004
3151503
3169307
3303302
3550308
3304557
3304557
3304557
3304557
2606002
2311405
4211702
3507506
3507506
3509502
4313201
3509502
3512308
3519600
3527207
3529401
3538709
3540705
3550308
3550308
3550308
2313401
3550308
3550308
4321808
3551702
3552205
3554102
3555000
4106902
4108601
4114203
4118006
4124103
4202008
4204202
2611606
4204202
4206504
2408003
4212106
4212908
4214805
3136702
4313409
4314902
4314902
4314902
4314902
4316907
4316907
4320909
3304557
5006606
5103403
5201108
5201405
5201405
5201405
0
