(R) Faculdade Presidente Antônio Carlos de Itabirito
(R) UNIVERSIDADE DO ESTADO DA BAHIA
(R) Faculdade de Tecnologia de Araçatuba
(R) Faculdade de Tecnologia de Campinas
(R) FACULDADE DE CIÊNCIAS AGRÁRIAS DE ANDRADINA
(R) FACULDADE DE MEDICINA DE JUNDIAÍ
(R) Faculdade de Tecnologia de Osasco - Prefeito Hirant Sanazar
(R) UNIVERSIDADE FEDERAL DE MATO GROSSO
(R) UNIVERSIDADE VALE DO RIO VERDE
(R) FACULDADE  PITÁGORAS
4022 FACULDADE DE TECNOLOGIA DE JUNDIAÍ FATEC/JD 33 CENTRO ESTADUAL DE EDUCACAO TECNOLOGICA PAULA SOUZA 2 3 3525904 Jundiaí SP Sudeste 18 0 0 0.0 6.1181032298E8 0.0 3.3400059437E8 5.62536529E7 1.1221539621E8 5.05454398E7 5.789803393E7 897205.77 0.0
21 PONTIFÍCIA UNIVERSIDADE CATÓLICA DO RIO GRANDE DO SUL PUCRS 21 UNIAO BRASILEIRA DE EDUCACAO E ASSISTENCIA 5 1 4314902 Porto Alegre RS Sul 1953 572574 107664 4.4277349525E8 1.152397982E7 1.616174852E8 1.1770618918E8 8.624861468E7 1.0957097415E8 1.2106823188E8 1.647800793E7 6.420040957E7 1.2261865882E8
27 UNIVERSIDADE VALE DO RIO VERDE UNINCOR 27 FUNDACAO COMUNITARIA TRICORDIANA DE EDUCACAO 5 1 3169307 Três Corações MG Sudeste 382 4620 4000 4.332944611E7 0.0 566322.72 1.66004279E7 7114469.1 1897191.76 1.127452653E7 1256551.37 135200.0 3844915.56
18099 Faculdade de Tecnologia de Diadema Luigi Papaiz FATEC DIADEMA 33 CENTRO ESTADUAL DE EDUCACAO TECNOLOGICA PAULA SOUZA 2 3 3513801 Diadema SP Sudeste 10 0 0 0.0 6.1181032298E8 0.0 3.3400059437E8 5.62536529E7 1.1221539621E8 5.05454398E7 5.789803393E7 897205.77 0.0
2126 ESCOLA DE DIREITO DO RIO DE JANEIRO DIREITO RIO 110 FUNDACAO GETULIO VARGAS 5 3 3304557 Rio de Janeiro RJ Sudeste 42 164 271 1.5446201E7 337016.0 3752242.0 2326908.0 789618.0 1987140.0 5401953.0 9009659.0 7093.0 13088.0
4021 FACULDADE DE TECNOLOGIA DE GARÇA FATECGA 33 CENTRO ESTADUAL DE EDUCACAO TECNOLOGICA PAULA SOUZA 2 3 3516705 Garça SP Sudeste 19 0 0 0.0 6.1181032298E8 0.0 3.3400059437E8 5.62536529E7 1.1221539621E8 5.05454398E7 5.789803393E7 897205.77 0.0
26 ESCOLA NACIONAL DE CIÊNCIAS ESTATÍSTICAS ENCE 26 FUNDACAO INSTIT BRAS DE GEOGRAFIA E ESTATISTICA IBGE 1 3 3304557 Rio de Janeiro RJ Sudeste 94 0 1825 0.0 2.37894877279E9 4217475.0 1.0 1.0 1.95193387005E9 3.141959148E8 6.429122028E7 0.0 0.0
149 FACULDADE DE MEDICINA DE SÃO JOSÉ DO RIO PRETO FAMERP 46 ESTADO DE SAO PAULO 2 3 3549805 São José do Rio Preto SP Sudeste 210 0 0 1608494.19 2.716385581E7 0.0 3.517142085E7 1.557735896E7 1.445321632E7 5605072.41 4499770.06 0.0 0.0
3641 CENTRO UNIVERSITÁRIO DA FUNDAÇÃO EDUCACIONAL DE BARRETOS UNIFEB 51 FUNDACAO EDUCACIONAL DE BARRETOS 5 2 3505500 Barretos SP Sudeste 96 391 0 5.651033949E7 0.0 0.0 1.532146354E7 3880126.97 1.50635973E7 9126635.38 162271.56 0.0 3584285.2
4356 FACULDADE DE CIÊNCIAS SOCIAIS DOS PALMARES FACIP 56 AUTARQUIA EDUCACIONAL DA MATA SUL 3 3 2610004 Palmares PE Nordeste 4 0 0 278731.52 0.0 92803.81 111885.7 85511.36 3759.55 209.75 0.0 0.0 0.0
107 UNIVERSIDADE FEDERAL DE SÃO JOÃO DEL REI UFSJ 81 UNIVERSIDADE FEDERAL DE SAO JOAO DEL-REI 1 1 3162500 São João del Rei MG Sudeste 552 0 0 432652.76 2342.52 2.8765834898E8 1.1145567392E8 3.916010165E7 2.916502191E7 6.469385959E7 1.921750952E7 505432.36 2.389574531E7
1291 FACULDADE DO NORTE PIONEIRO FANORPI 860 CETEC - CENTRO EDUCACIONAL TECNOLOGICO DE ENSINO E CULTURALTDA 4 3 4124103 Santo Antônio da Platina PR Sul 22 842 8659 8587134.8 0.0 1433.88 1054002.11 702668.07 675899.88 84753.68 0.0 0.0 191938.03
3146 FACULDADE DE ODONTOLOGIA DO RECIFE FOR 2009 FUNDACAO ODONTOLOGICA PRESIDENTE CASTELLO BRANCO 5 3 2611606 Recife PE Nordeste 26 1 0 3208580.0 302864.0 37991.0 960278.0 468752.0 721054.0 904663.0 75299.0 36650.0 121626.0
1874 FACULDADE DE TECNOLOGIA DE OURINHOS FATEC 33 CENTRO ESTADUAL DE EDUCACAO TECNOLOGICA PAULA SOUZA 2 3 3534708 Ourinhos SP Sudeste 30 0 0 0.0 6.1181032298E8 0.0 3.3400059437E8 5.62536529E7 1.1221539621E8 5.05454398E7 5.789803393E7 897205.77 0.0
2774 Centro Universitário UNIFAFIBE FAFIBE 96 ASSOCIACAO DE EDUCACAO E CULTURA DO NORTE PAULISTA 5 2 3506102 Bebedouro SP Sudeste 121 16 1 3.5517341E7 0.0 2777449.0 7600849.0 2895263.0 7760463.0 9827136.0 3678028.0 267648.0 3442.0
4026 FACULDADE DE TECNOLOGIA ZONA LESTE FATEC-ZL 33 CENTRO ESTADUAL DE EDUCACAO TECNOLOGICA PAULA SOUZA 2 3 3550308 São Paulo SP Sudeste 21 0 0 0.0 6.1181032298E8 0.0 3.3400059437E8 5.62536529E7 1.1221539621E8 5.05454398E7 5.789803393E7 897205.77 0.0
10 PONTIFÍCIA UNIVERSIDADE CATÓLICA DO PARANÁ PUCPR 10 ASSOCIACAO PARANAENSE DE CULTURA - APC 5 1 4106902 Curitiba PR Sul 1239 45003 230420 6.1160466312E8 2391376.47 4226394.22 1.8262288552E8 4.283746697E7 1.1545343503E8 1.0789431074E8 1.5574252197E8 1.367181358E7 0.0
4 UNIVERSIDADE FEDERAL DO AMAZONAS UFAM 4 FUNDACAO UNIVERSIDADE DO AMAZONAS 1 1 1302603 Manaus AM Norte 1716 0 3245 7331203.25 6.319320586E8 776005.81 3.1235101248E8 0.0 9.795765262E7 1.4746343133E8 3.193602581E7 1055524.04 1.3689651403E8
730 UNIVERSIDADE ESTADUAL DE PONTA GROSSA UEPG 37 SECRET DE EST CIENCIA TECNOLOGIA E ENSINO SUPERIOR SETI 2 1 4119905 Ponta Grossa PR Sul 775 350 2596 2.4381257111E8 1.052825648E7 0.0 1.4748019496E8 6.84890131E7 2.292948019E7 1.431178397E7 5740554.47 2.11118642E7 0.0
24 UNIVERSIDADE ESTADUAL DE SANTA CRUZ UESC 24 UNIVERSIDADE ESTADUAL DE SANTA CRUZ 2 1 2913606 Ilhéus BA Nordeste 418 4678 38182 4613672.4 6761596.03 2.1438086767E8 1.3173589471E8 1.328950171E7 2.825484592E7 2.975345672E7 520365.82 1.130375474E7 0.0
372 FACULDADE DE BIBLIOTECONOMIA E CIÊNCIA DA INFORMAÇÃO FABCI 261 FUNDACAO ESCOLA DE SOCIOLOGIA E POLITICA DE SAO PAULO 5 3 3550308 São Paulo SP Sudeste 143 8 111 3774885.29 2563191.14 92525.96 1513097.66 746831.01 1908187.76 0.0 98255.17 47267.84 2116962.95
4150 FACULDADE DE TECNOLOGIA DE PIRACICABA FATEP 2605 INSTITUTO DE DESENVOLVIMENTO TECNOLOGICO E EDUCACIONAL DE PIRACICABA LTDA 4 3 3538709 Piracicaba SP Sudeste 13 0 0 2771500.62 0.0 15615.27 860016.96 254408.32 386231.11 591799.82 0.0 0.0 395515.05
716 FACULDADES INTEGRADAS DE BOTUCATU UNIFAC 479 UNIFAC ASSOCIACAO DE ENSINO DE BOTUCATU 5 3 3507506 Botucatu SP Sudeste 25 0 0 4743722.63 0.0 13303.22 1861393.76 1223095.15 734762.37 0.0 0.0 0.0 934853.07
451 CENTRO UNIVERSITÁRIO LUTERANO DE SANTARÉM CEULS 314 ASSOCIACAO EDUCACIONAL LUTERANA DO BRASIL - AELBRA 5 2 1506807 Santarém PA Norte 64 559 4722 7.3059508866E8 0.0 2.981396738E7 2.156191244E8 6.924509226E7 6.924386785E7 1.7179722642E8 4706514.16 7813379.04 1.840427274E8
2361 FACULDADE PADRÃO - 1544 SOCIEDADE MESTRA DE EDUCACAO E CULTURA DE GOIAS S/A 4 3 5201405 Aparecida de Goiânia GO Centro-Oeste 10 0 0 947980.48 61190.1 31498.01 465919.29 49537.21 173920.59 3429.3 25000.0 9009.41 49110.5
738 CENTRO UNIVERSITÁRIO TERESA D'ÁVILA FATEA 778 INSTITUTO SANTA TERESA 5 2 3527207 Lorena SP Sudeste 237 0 0 2.221387258E7 1300.0 3758372.31 7000556.99 2982060.63 1132834.47 0.0 0.0 89963.21 1.476812959E7
663 UNIVERSIDADE SALGADO DE OLIVEIRA UNIVERSO 435 ASSOCIACAO SALGADO DE OLIVEIRA DE EDUCACAO E CULTURA 5 1 3304904 São Gonçalo RJ Sudeste 1735 21 5003 2.8672904633E8 0.0 3180065.12 6.702921079E7 3.387657316E7 5.66587131E7 7156734.46 2781406.68 5798182.23 1.028613889E8
2831 FACULDADE DOM BOSCO DE GOIOERÊ DOM BOSCO GOIOERÊ 1195 FUNDACAO CULTURAL XINGU 5 3 4108601 Goioerê PR Sul 5 20 30 641278.66 0.0 0.0 306427.15 15190.3 0.0 115338.48 0.0 0.0 42307.31
1656 INSTITUTO DE ENSINO SUPERIOR DE TERESINA IEST 587 ASSOCIACAO DE ENSINO SUPERIOR DO PIAUI-AESPI 5 3 2211001 Teresina PI Nordeste 101 350 9874 1.195291219E7 0.0 4987934.46 3299127.41 1944666.96 1786782.94 4092746.6 272382.91 0.0 19310.0
3775 INSTITUTO UVB.BR IUVB 2384 REDE BRASILEIRA DE EDUCACAO A DISTANCIA S/C LTDA 4 3 3550308 São Paulo SP Sudeste 3 450 4462 79425.37 0.0 6807.28 67106.96 18914.11 11348.46 5852.77 0.0 0.0 0.0
1988 FACULDADE AVANTIS AVANTIS 1303 SOCIEDADE AVANTIS DE ENSINO E ESCOLA DE AVIACAO CIVIL LTDA 4 3 4202008 Balneário Camboriú SC Sul 109 2599 0 4.164806124E7 0.0 448806.01 9057244.02 1288513.53 4050424.17 9631652.9 3949301.03 60991.56 1713218.67
2043 FACULDADE VALE DO SALGADO FVS 1344 TCC EDUCACAO, CIENCIA E CULTURA LTDA - EPP 4 3 2305407 Icó CE Nordeste 37 0 0 1.603279807E7 0.0 3212462.36 3071610.19 776342.54 1582683.39 4070563.35 4616884.82 90636.12 427414.99
1059 FACULDADE LOURENÇO FILHO FLF 15657 OCESU - ORGANIZACAO CEARENSE DE EDUCACAO SUPERIOR LTDA 5 3 2304400 Fortaleza CE Nordeste 23 243 0 6511110.7 0.0 0.0 2107259.74 1052129.87 0.0 0.0 162612.15 0.0 2612311.2
3146 FACULDADE DE ODONTOLOGIA DO RECIFE FOR 2009 FUNDACAO ODONTOLOGICA PRESIDENTE CASTELLO BRANCO 5 3 2611606 Recife PE Nordeste 26 1 0 3208580.0 302864.0 37991.0 960278.0 468752.0 721054.0 904663.0 75299.0 36650.0 121626.0
17670 Faculdade de Quixeramobim UniQ 15775 INSTITUTO EDUCACIONAL INTEGRADO LTDA - ME 4 3 2311405 Quixeramobim CE Nordeste 27 50 2000 198652.92 127701.51 237159.97 32788.8 104669.69 23693.68 0.0 80000.0 0.0 233901.77
2466 FACUDADE IEDUCARE - FIED FIED 1608 FACULDADE IEDUCARE LTDA 4 3 2313401 Tianguá CE Nordeste 28 7 0 1131081.04 268681.01 59318.88 645452.0 134571.31 26422.2 84253.13 132831.54 131918.15 58101.44
2135 CENTRO UNIVERSITÁRIO CATÓLICA DE QUIXADÁ  15681 ASSOCIACAO EDUCACIONAL E CULTURAL DE QUIXADA 5 2 2311306 Quixadá CE Nordeste 291 31 1000 4.619512516E7 0.0 1218163.7 1.433459631E7 5033780.59 7987139.06 9153346.47 970532.3 189102.98 0.0
2361 FACULDADE PADRÃO - 1544 SOCIEDADE MESTRA DE EDUCACAO E CULTURA DE GOIAS S/A 4 3 5201405 Aparecida de Goiânia GO Centro-Oeste 10 0 0 947980.48 61190.1 31498.01 465919.29 49537.21 173920.59 3429.3 25000.0 9009.41 49110.5
4157 FACULDADE METROPOLITANA DE RIO DO SUL FAMESUL 2608 INSTITUTO EDUCACIONAL DO ALTO VALE DO ITAJAI LTDA 4 3 4214805 Rio do Sul SC Sul 38 13543 12397 8155745.51 0.0 1537563.95 1694411.4 869169.49 1115002.23 471127.79 214025.24 0.0 506619.68
515 CENTRO UNIVERSITÁRIO ANHANGUERA DE NITERÓI UNIAN 2600 ANHANGUERA EDUCACIONAL LTDA 4 2 3303302 Niterói RJ Sudeste 155 24951 7250 2.15487597628E9 0.0 3.0609968726E8 2.94310864E8 1.5168796502E8 3.2861260975E8 5.2214138253E8 1.9168661284E8 1.843156969E7 3.0648973987E8
13897 FACULDADE LABORO Laboro 13650 LABORO - CENTRO DE CONSULTORIA QUALIFICAO E POS-GRADUACAO LTDA - EPP 4 3 2111300 São Luís MA Nordeste 22 500 100 3628183.99 0.0 0.0 620850.83 348858.91 236286.31 806305.25 404327.78 0.0 445040.52
3588 FACULDADE DOM PEDRO II FDPII 2274 INSTITUICAO BAIANA DE ENSINO SUPERIOR LTDA 4 3 2927408 Salvador BA Nordeste 328 0 0 3.851831E7 0.0 0.0 8591684.0 2262393.0 4992875.0 2755412.0 4748600.0 1000000.0 3497167.0
17400 Faculdade Menino Deus FAMED 15699 INSTITUTO ODONTOLOGICO DE POS GRADUACAO LTDA - ME 4 3 4314902 Porto Alegre RS Sul 3 0 0 12881.7 0.0 0.0 46484.29 25581.0 4304.25 0.0 0.0 0.0 0.0
14914 FACULDADE TEOLÓGICA EVANGÉLICA DO RIO DE JANEIRO FATERJ 10000 PROJETO REVIVER - ATIVIDADES EDUCACIONAIS, SOCIAIS E CULTURAIS 5 3 3304557 Rio de Janeiro RJ Sudeste 6 200 0 363432.96 31680.0 15400.0 194274.43 103480.43 8279.4 13210.56 28512.0 3168.0 47520.07
15133 FACULDADE JARDINS FAJAR 14790 CESUL-CENTRO DE EDUCACAO SUPERIOR LTDA - EPP 4 3 2800308 Aracaju SE Nordeste 11 20 500 500000.0 55000.0 8500.0 115000.0 33000.0 23500.0 0.0 0.0 0.0 0.0
2156 FACULDADE SÃO TOMÁS DE AQUINO FACESTA 14097 FUNDACAO EDUCACIONAL DOM FERNANDO IORIO RODRIGUES 5 3 2706307 Palmeira dos Índios AL Nordeste 15 0 0 698250.2 0.0 60000.0 230864.4 189222.65 224815.22 100.0 50050.0 10000.0 248903.0
17326 FACULDADE GIANNA BERETTA  15678 INSTITUTO GIANNA BERETTA DE EDUCACAO SUPERIOR LTDA - ME 4 3 2111300 São Luís MA Nordeste 10 20 20 1119469.72 0.0 0.0 223800.0 214492.65 95363.74 511652.79 14100.0 12758.0 19600.0
2069 FACULDADE DE TEOLOGIA E CIÊNCIAS HUMANAS FATECH 1361 IGREJA EVANGELICA ASSEMBLEIA DE DEUS DE MACAPA 5 3 1600303 Macapá AP Norte 16 12 0 920580.0 0.0 52809.0 226000.0 169009.2 62900.0 408880.0 0.0 18909.2 87690.6
1692 ESCOLA SUPERIOR DE TECNOLOGIA E EDUCAÇÃO DE PORTO FERREIRA ESPF 471 ASSOCIACAO DE ESCOLAS REUNIDAS LTDA. 4 3 3540705 Porto Ferreira SP Sudeste 11 0 0 4.091707552E7 0.0 56301.54 1.205697812E7 4460915.96 2114180.9 0.0 2646354.14 1957488.01 1.591384299E7
4163 CENTRO UNIVERSITÁRIO BARRIGA VERDE UNIBAVE 1124 FUNDACAO EDUCACIONAL BARRIGA VERDE 5 2 4211702 Orleans SC Sul 233 0 1 2.830875868E7 0.0 3652956.31 9570626.49 3798593.06 4497813.18 3647512.3 1235376.48 561307.96 9794375.6
3495 FACULDADE PINHALZINHO HORUS 2205 SOCIEDADE EDUCACIONAL PINHALZINHO - ME 4 3 4212908 Pinhalzinho SC Sul 18 83 2800 2880907.74 0.0 543422.2 598040.04 321964.4 234309.01 2095420.41 0.0 0.0 0.0
2915 FACULDADE CIDADE DE PATOS DE MINAS FPM 1891 ASSOCIACAO EDUCACIONAL DE PATOS DE MINAS - AEPM 5 3 3148004 Patos de Minas MG Sudeste 206 0 0 2.29972168E7 0.0 0.0 7154303.85 2860476.33 3205904.94 4300901.93 2043396.18 0.0 65034.6
4814 FACULDADE DE TECNOLOGIA SENAI FELIX GUISARD  796 SERVICO NACIONAL DE APRENDIZAGEM INDUSTRIAL 5 3 3554102 Taubaté SP Sudeste 2 0 3 1909479.64 0.0 0.0 770980.81 86400.0 994258.48 57840.35 0.0 0.0 0.0
4518 FACULDADE REGIONAL PALMITOS FAP 2858 SOCIEDADE EDUCACIONAL PALMITOS LTDA 4 3 4212106 Palmitos SC Sul 6 280 6000 993725.87 119743.97 125110.09 209030.54 74514.87 165695.8 220598.2 236220.93 23840.5 72450.49
2233 FACULDADE DE CIÊNCIAS SOCIAIS APLICADAS DE BELO HORIZONTE FACISABH 1461 BAIAO CONSULTORIA & CONTABILIDADE LTDA 4 3 3106200 Belo Horizonte MG Sudeste 28 390 25 1.229719769E7 0.0 510589.35 5398845.51 655768.32 2315777.61 3583512.04 567908.84 45625.17 576833.2
54 UNIVERSIDADE ESTADUAL DE CAMPINAS UNICAMP 46 ESTADO DE SAO PAULO 2 1 3509502 Campinas SP Sudeste 4260 3439 279527 0.0 1.32108190633E9 833458.92 7.38164735E8 3.22091279E8 1.53928611E8 9.397536183E7 7386405.22 6368973.2 0.0
17977 Faculdade de Tecnologia de Itaquera FATEC ITAQUERA 33 CENTRO ESTADUAL DE EDUCACAO TECNOLOGICA PAULA SOUZA 2 3 3550308 São Paulo SP Sudeste 14 0 0 0.0 6.1181032298E8 0.0 3.3400059437E8 5.62536529E7 1.1221539621E8 5.05454398E7 5.789803393E7 897205.77 0.0
3377 FACULDADE MONTESSORIANO DE SALVADOR FAMA 3344 ASSOCIACAO PARA O DESENVOLVIMENTO SOCIO-CULTURAL DA COMUNIDADE DA BOCA DO RIO 5 3 2927408 Salvador BA Nordeste 11 20 30 859587.52 0.0 0.0 537838.69 230502.3 78913.98 15993.23 23333.18 759.0 0.0
647 FACULDADE DE ENFERMAGEM LUIZA DE MARILLAC FELM 497 UNIAO SOCIAL CAMILIANA 5 3 3304557 Rio de Janeiro RJ Sudeste 55 0 0 5474884.22 0.0 977242.99 2312672.82 848712.96 767042.0 2123856.11 78020.81 0.0 0.0
190 ESCOLA DE MEDICINA SOUZA MARQUES DA FUNDAÇÃO TÉCNICO-EDUCACIONAL SOUZA MARQUES EMSM 135 FUNDACAO TECNICO EDUCACIONAL SOUZA MARQUES 5 3 3304557 Rio de Janeiro RJ Sudeste 148 14156 0 7.171678264E7 0.0 1240269.89 2.589975365E7 4523337.26 1.15272143E7 5690650.1 1459141.05 0.0 1.962544713E7
294 FACULDADE TRÊS DE MAIO SETREM 209 SOCIEDADE EDUCACIONAL TRES DE MAIO 5 3 4321808 Três de Maio RS Sul 35 44 164 1.730380559E7 0.0 0.0 1.266175724E7 1163393.73 1249937.19 4366443.64 0.0 0.0 8641.55
3285 FACULDADE SANTO ANTONIO FSA 2079 SEEA-SOCIEDADE DE ESTUDOS EMPRESARIAIS DE ALAGOINHAS LTDA 4 3 2900702 Alagoinhas BA Nordeste 28 0 0 2183372.58 1.019546526E7 0.0 1381485.47 552332.84 729650.41 1099815.31 0.0 0.0 0.0
4714 Faculdade de Ensino Regional Alternativa FERA 3008 SOESA - SOCIEDADE DE ENSINO SUPERIOR DO AGRESTE LTDA - ME 4 3 2700300 Arapiraca AL Nordeste 37 54 120 1600182.27 0.0 0.0 132296.8 198445.33 222969.63 685000.0 150632.11 86908.03 0.0
1202 FACULDADE SANTA RITA FASAR 813 ENTIDADE MANTENEDORA DE ENSINO - SANTA RITA LTDA 4 3 3118304 Conselheiro Lafaiete MG Sudeste 69 0 0 1.774984897E7 0.0 0.0 7911917.28 1977979.32 3292051.37 820989.28 1501688.53 270255.48 117430.12
17355 Faculdade de Educação em Ciências da Saúde FECS 10939 HOSPITAL ALEMAO OSWALDO CRUZ 5 3 3550308 São Paulo SP Sudeste 17 180 0 368223.82 0.0 0.0 116679.92 378731.56 951190.05 66960.78 0.0 0.0 0.0
3541 FACULDADE ANGLICANA DE TAPEJARA FAT 1623 LEGIAO DA CRUZ DE ERECHIM 5 3 4320909 Tapejara RS Sul 23 126 0 736568.18 0.0 0.0 791685.24 222514.5 117030.45 131540.27 42878.02 0.0 0.0
4915 FACULDADE DE CASTANHAL FCAT 3135 FACULDADES INTEGRADAS DE CASTANHAL LTDA - EPP 4 3 1502400 Castanhal PA Norte 96 35000 4800 3.217325829E7 0.0 348413.7 1.013406906E7 3457524.55 4037119.48 6813615.38 0.0 0.0 283091.67
4889 FACULDADE DE CONCHAS  3116 CETEL CENTRO DE ESTUDOS E TREINAMENTO DE EDUCAO LUDICA S/S LTDA - ME 4 3 3512308 Conchas SP Sudeste 17 5827 51000 4584024.72 16593.12 95263.76 1627572.21 357622.47 261082.94 876267.71 1104018.95 264850.48 0.0
2568 FACULDADE ZACARIAS DE GÓES FAZAG 1668 SOCIEDADE EDUCACIONAL ZACARIAS DE GOES VASCONCELOS LTDA. 5 3 2932903 Valença BA Nordeste 37 181 0 5660018.52 0.0 0.0 1249732.08 434689.42 932715.02 1276900.17 1032387.37 507193.71 0.0
1573 FACULDADE ALFREDO NASSER FAN 1032 ASSOCIACAO APARECIDENSE DE EDUCACAO 5 3 5201405 Aparecida de Goiânia GO Centro-Oeste 160 8200 5200 4.398357157E7 0.0 361530.2 1.307898402E7 2654984.02 5742586.38 6396580.44 0.0 6500000.0 0.0
688 UNIVERSIDADE ESTADUAL DO SUDOESTE DA BAHIA UESB 457 AUTARQUIA UNIVERSIDADE DO SUDOESTE 2 1 2933307 Vitória da Conquista BA Nordeste 457 1 154505 2.56341E8 6745510.0 1.4727461E7 1.889001164E8 2.763144798E7 5497908.25 0.0 2572023.02 655392.09 5.260659126E7
3184 INSTITUTO FEDERAL DE EDUCAÇÃO, CIÊNCIA E TECNOLOGIA DE RORAIMA IFRR 16809 INSTITUTO FEDERAL DE EDUCACAO, CIENCIA E TECNOLOGIA DE RORAIMA 1 4 1400100 Boa Vista RR Norte 377 203 100 145653.14 4097261.84 1.43914195E8 6.202428587E7 0.0 6537842.2 1.881408637E7 1.039621818E7 901120.96 1.936975825E7
940 Faculdades Magsul FAMAG 606 ASSOCIACAO DE ENSINO SUPERIOR PONTAPORANENSE-AESP 5 3 5006606 Ponta Porã MS Centro-Oeste 27 94 30 5483360.77 0.0 1484384.22 2803940.01 560922.6 990512.56 1140067.93 1338211.96 0.0 60003.0
16782 Faculdade Mário Quintana FAMAQUI 15541 CONSULTORIA EDUCACIONAL E EMPRESARIAL MARIO QUINTANA LTDA - ME 4 3 4314902 Porto Alegre RS Sul 8 48 7000 320000.0 0.0 0.0 42250.0 58500.0 30225.0 61558.0 100000.0 10000.0 8593.0
371 FACULDADE DE MÚSICA CARLOS GOMES FMCG 2024 ARTE E MUSICA LTDA. - EPP 4 3 3550308 São Paulo SP Sudeste 20 625 3780 649730.22 0.0 0.0 156528.91 104352.6 81960.82 2160.0 0.0 0.0 13147.64
268 FACULDADE DE DIREITO DA ALTA PAULISTA FADAP 191 INSTITUICAO DOM BOSCO DE ENSINO E CULTURA LTDA 4 3 3555000 Tupã SP Sudeste 39 120 8 8790712.33 0.0 488800.0 2323001.2 950310.0 876901.62 787500.79 250100.79 310200.0 721215.79
2328 FACULDADE ITEANA DE BOTUCATU FITB 700 INSTITUICAO TOLEDO DE ENSINO 5 3 3507506 Botucatu SP Sudeste 16 146 37 5306452.6 0.0 1188.07 837392.16 685139.05 598501.19 598737.59 108022.12 19979.5 0.0
1357 INSTITUTO SUPERIOR DE EDUCAÇÃO DO RIO DE JANEIRO ISERJ 904 FUNDACAO DE APOIO A ESCOLA TECNICA DO EST.RIO DE JANEIRO 2 3 3304557 Rio de Janeiro RJ Sudeste 12 0 0 0.0 6.86089515E8 0.0 3.5195294343E8 2.9564047248E8 7.742964755E7 6.9300103E7 0.0 0.0 0.0
15669 FACULDADE DE CIÊNCIAS EXATAS DE GARANHUNS FACEG 466 AUTARQUIA DO ENSINO SUPERIOR DE GARANHUNS AESGA 3 3 2606002 Garanhuns PE Nordeste 89 0 0 1.505130202E7 0.0 0.0 6528048.85 2797735.22 1895307.12 1839111.53 310903.97 0.0 331286.8
18636 Faculdade da Região Sisaleira FARESI 16092 GRUPO M.C EDUCACAO E ASSESSORIA LTDA - ME 4 3 2908408 Conceição do Coité BA Nordeste 11 10 1 180000.0 124880.8 7583.8 55883.0 44283.0 22036.52 4000.0 5000.0 35000.0 50000.0
4261 FACULDADE DE TECNOLOGIA DE PORTO ALEGRE FAQI 2164 QI ESCOLAS E FACULDADES LTDA 4 3 4314902 Porto Alegre RS Sul 15 545 5179 2110946.1 0.0 1076314.54 818409.3 552707.92 787425.79 0.0 48231.4 37764.38 911029.7
1815 FACULDADE DO INSTITUTO BRASIL FIBRA 1201 INSTITUTO BRASIL DE CIENCIA & TECNOLOGIA LTDA 4 3 5201108 Anápolis GO Centro-Oeste 28 33 0 5648390.02 0.0 258019.26 2378770.97 495876.72 1086411.22 820170.69 415424.1 0.0 598441.51
582 UNIVERSIDADE FEDERAL DE SANTA MARIA UFSM 14678 UNIVERSIDADE FEDERAL DE SANTA MARIA 1 1 4316907 Santa Maria RS Sul 2766 36 7717 1.29598635E7 1.23016947663E9 0.0 3.4645309054E8 2.3096872702E8 1.4536400059E8 1.4972806949E8 3.274785109E7 1.047643913E7 3.2739116227E8
1875 FACULDADE DE FILOSOFIA, CIÊNCIAS E LETRAS DE IBITINGA FAIBI 1232 FUNDACAO EDUCACIONAL MUNICIPAL DE IBITINGA - FEMIB 3 3 3519600 Ibitinga SP Sudeste 19 0 0 48365.15 2494330.56 19896.06 963096.19 645361.93 603499.15 367099.21 4695.99 3231.67 53033.47
18048 Faculdade Vértix Trirriense FVT 3092 SOEGAR-SOCIEDADE EDUCACIONAL GARDINGO LTDA - EPP 4 3 3306008 Três Rios RJ Sudeste 6 40 0 191719.86 0.0 0.0 138094.26 48149.07 37431.66 0.0 0.0 0.0 0.0
2270 FACULDADE DE CIÊNCIAS SOCIAIS APLICADAS DE EXTREMA FAEX 1477 SOCIEDADE UNIFICADA DE EDUCACAO DE EXTREMA 5 3 3125101 Extrema MG Sudeste 56 1 0 1.289057276E7 0.0 1472070.55 3476723.07 1418383.33 2469199.9 3366147.13 463155.83 310.0 1269337.5
1572 FACULDADE DE CIÊNCIAS SOCIAIS APLICADAS FACISA 1031 CENTRO DE ENSINO SUPERIOR DO EXTREMO SUL DA BAHIA LTDA 4 3 2915601 Itamaraju BA Nordeste 33 4000 5000 2864209.17 0.0 39886.81 1158788.4 437588.08 418948.53 718923.53 0.0 0.0 542420.1
535 CENTRO UNIVERSITÁRIO DE MANDAGUARI - UNIMAN FAFIMAN 373 FUNDACAO CENTRO UNIVERSITARIO DE MANDAGUARI - UNIMAN 7 3 4114203 Mandaguari PR Sul 16 1 0 4520340.64 0.0 0.0 1872858.15 529759.76 824985.69 1219428.43 34830.49 37959.04 0.0
3790 FACULDADE DE TECNOLOGIA ENSITEC ENSITEC 2386 SOCIEDADE DE ENSINO TECNICO ENSITEC LTDA 4 3 4106902 Curitiba PR Sul 15 5 0 424516.81 0.0 0.0 122540.45 52486.16 99884.99 87605.25 0.0 0.0 52645.3
16879 Faculdade de Medicina de Olinda FMO 15559 BARROS MELO ENSINO SUPERIOR LTDA 4 3 2609600 Olinda PE Nordeste 29 25 485 1.547659271E7 0.0 37199.47 2010265.34 733385.24 1035508.95 448926.26 292680.95 53181.87 25716.71
11604 FACULDADE ANGLO-AMERICANO DE CHAPECÓ FAACH 451 SESAT SOCIEDADE DE ENSINO SUPERIOR E ASSESSORIA TECNICA 5 3 4204202 Chapecó SC Sul 11 20 6500 932983.45 0.0 0.0 313892.3 78473.08 0.0 201524.43 36510.99 0.0 27989.5
3299 FACULDADE DE TECNOLOGIA INFORMÁTICA FATI 2086 CENFOR - CENTRO PRIVADO DE EDUCACAO TECNOLOGICA DE FORTALEZA LTDA 4 3 2304400 Fortaleza CE Nordeste 9 1200 5000 62817.71 0.0 14980.59 60938.52 10291.0 1349.14 16401.42 12260.91 0.0 0.0
1763 FACULDADE DE TECNOLOGIA SENAI CHAPECÓ SENAI 822 SERVICO NACIONAL DE APRENDIZAGEM INDUSTRIAL 5 3 4204202 Chapecó SC Sul 14 9 0 797330.98 0.0 5573.15 268687.27 192000.0 290021.22 48802.74 0.0 0.0 0.0
589 UNIVERSIDADE FEDERAL RURAL DO SEMI-ÁRIDO UFERSA 15945 UNIVERSIDADE FEDERAL RURAL DO SEMI-ARIDO - UFERSA 1 1 2408003 Mossoró RN Nordeste 544 0 3000 827390.72 2.6099976808E8 3.538106643E7 9.692928508E7 6.461952339E7 2.648733689E7 3.921178311E7 4448200.35 374680.36 0.0
4502 FACULDADES INTEGRADAS CAMPO-GRANDENSES FIC 150 FUNDACAO EDUCACIONAL UNIFICADA CAMPOGRANDENSE 5 3 3304557 Rio de Janeiro RJ Sudeste 106 28000 30000 1.945886858E7 0.0 378988.55 9121102.52 3689406.85 1615284.22 2804037.92 1509532.57 0.0 476297.58
1515 FACULDADE DE EDUCAÇÃO DE PORTO VELHO UNIRON 1144 UNIRON - UNIAO DAS ESCOLAS SUPERIORES DE RONDONIA LTDA. 4 3 1100205 Porto Velho RO Norte 140 214 27 4.679604036E7 0.0 0.0 1.66962143E7 878748.12 5518868.0 1199567.37 1174027.26 0.0 1.0659598E7
3951 FACULDADE DE TECNOLOGIA LUIZ ADELAR SCHEUER FATEC- JF 2495 SERVICO NACIONAL DE APRENDIZAGEM INDUSTRIAL - SENAI 5 3 3136702 Juiz de Fora MG Sudeste 1 0 0 606801.31 1145227.91 0.0 189942.0 79695.0 535627.0 946735.22 0.0 0.0 0.0
426 CENTRO UNIVERSITÁRIO FRANCISCANO UNIFRA 297 SOC CARIT E LIT SAO FRANCISCO DE ASSIS ZONA NORTE 5 2 4316907 Santa Maria RS Sul 237 0 16 8.504591619E7 250356.0 7937211.67 3.513314462E7 5515946.22 8446625.62 1.188495392E7 6858889.18 1389578.99 1.555788201E7
4661 Faculdade de Paraíso do Norte FAPAN 2961 INSTITUTO PARAISO DO NORTE DE EDUCACAO E CULTURA LTDA - IPNEC - ME 4 3 4118006 Paraíso do Norte PR Sul 18 42 8500 1453273.88 0.0 22400.0 370958.21 240725.66 140292.69 504794.0 148933.32 0.0 0.0
2613 Faculdade Meta FAMETA 1897 UNIAO EDUCACIONAL META LTDA - ME 4 3 1200401 Rio Branco AC Norte 132 58 0 3.9544592E7 0.0 397038.25 6371636.6 2730701.4 2866869.73 2771474.9 9756296.35 599124.45 1505884.41
1923 FACULDADE DE DIREITO PADRE ARNALDO JANSSEN FAJANSSEN 235 ASSOCIACAO PROPAGADORA ESDEVA 5 3 3106200 Belo Horizonte MG Sudeste 56 31 0 3763417.82 0.0 199161.31 1648935.32 726574.98 197623.11 1377919.82 0.0 0.0 0.0
2084 FACULDADE CENECISTA DE NOVA PETRÓPOLIS FACENP 407 CAMPANHA NACIONAL DE ESCOLAS DA COMUNIDADE 5 3 4313201 Nova Petrópolis RS Sul 3 0 0 5.1122452359E8 1336061.6 4.277969516E7 1.6837493123E8 9.771428209E7 1.125888006E7 2.301720999E7 5802155.85 0.0 7.687315203E7
19501 Faculdade de Tecnologia Sebrae FATEC SEBRAE 33 CENTRO ESTADUAL DE EDUCACAO TECNOLOGICA PAULA SOUZA 2 3 3550308 São Paulo SP Sudeste 7 9197 7643 0.0 6.1181032298E8 0.0 3.3400059437E8 5.62536529E7 1.1221539621E8 5.05454398E7 5.789803393E7 897205.77 0.0
23 UNIVERSIDADE FEEVALE FEEVALE 23 ASSOCIACAO PRO ENSINO SUPERIOR EM NOVO HAMBURGO 5 1 4313409 Novo Hamburgo RS Sul 805 45000 150000 1.7684351901E8 0.0 7.622928411E7 4.655296124E7 3.488583138E7 2.84649686E7 6.856807399E7 3.144585636E7 1.135004331E7 0.0
14961 FACULDADE DE TECNOLOGIA EM SAÚDE - IAHCS FATESA 11347 INSTITUTO ADMINISTRACAO HOSPITALAR E CIENCIAS DA SAUDE 5 3 4314902 Porto Alegre RS Sul 12 0 7844 1001896.52 0.0 265929.86 321152.88 285447.33 184486.72 380987.25 0.0 0.0 294426.98
396 FACULDADE RUY BARBOSA FRBA 273 ABEP - ACADEMIA BAIANA DE ENSINO PESQUISA E EXTENSAO LTDA 4 3 2927408 Salvador BA Nordeste 278 14884 1 7.451964665E7 0.0 900831.62 1.100249274E7 5865011.21 9911283.63 2.126964192E7 2751706.48 0.0 4830899.76
1456 FACULDADE ANHANGUERA DE SERTÃOZINHO FASERT 2600 ANHANGUERA EDUCACIONAL LTDA 4 3 3551702 Sertãozinho SP Sudeste 20 24951 7250 2.15487597628E9 0.0 3.0609968726E8 2.94310864E8 1.5168796502E8 3.2861260975E8 5.2214138253E8 1.9168661284E8 1.843156969E7 3.0648973987E8
3975 FACULDADE SÃO FRANCISCO DE PIUMHI FASPI 1478 CENTRO EDUCACIONAL DO ALTO SAO FRANCISCO S/S LTDA - EPP 4 3 3151503 Piumhi MG Sudeste 4 0 0 1032852.95 0.0 0.0 216862.72 303208.58 234802.45 0.0 0.0 0.0 351861.59
1777 FACULDADE METROPOLITANA DE GUARAMIRIM FAMEG 1177 SOCIEDADE EDUCACIONAL DO VALE DO ITAPOCU S/S LTDA. 4 3 4206504 Guaramirim SC Sul 56 18329 12397 2.017018949E7 0.0 1006608.55 4389634.75 1195726.81 2635335.12 1894520.7 255335.71 0.0 1208314.57
570 UNIVERSIDADE FEDERAL DO RIO GRANDE DO NORTE UFRN 13401 UNIVERSIDADE FEDERAL DO RIO GRANDE DO NORTE 1 1 2408102 Natal RN Nordeste 4724 37822 3605 3.740970577E7 1.76630650637E9 0.0 4.0667157222E8 3.1870819584E8 1.757169626E8 2.1995690508E8 6.258299453E7 1.406365191E7 4.4934623175E8
4023 FACULDADE DE TECNOLOGIA DE MAUÁ FATEC MAUÁ 33 CENTRO ESTADUAL DE EDUCACAO TECNOLOGICA PAULA SOUZA 2 3 3529401 Mauá SP Sudeste 17 0 0 0.0 6.1181032298E8 0.0 3.3400059437E8 5.62536529E7 1.1221539621E8 5.05454398E7 5.789803393E7 897205.77 0.0
3947 FACULDADE DE TECNOLOGIA SENAC CHAPECÓ SENAC 2084 SERVICO NACIONAL DE APRENDIZAGEM COMERCIAL - SENAC 5 3 4204202 Chapecó SC Sul 26 1 115 1050000.0 0.0 0.0 469040.0 120263.0 317317.0 73920.0 0.0 0.0 0.0
2566 INSTITUTO DE ENSINO SUPERIOR DE OLINDA IESO 1125 ASSOCIACAO PERNAMBUCANA DE ENSINO SUPERIOR - APESU 5 3 2609600 Olinda PE Nordeste 20 250 9874 6274577.56 0.0 134378.93 2157371.34 1614601.27 1160637.9 9588406.32 231611.57 0.0 76710.33
150 UNIVERSIDADE DE SOROCABA UNISO 109 FUNDACAO DOM AGUIRRE 5 1 3552205 Sorocaba SP Sudeste 277 2144 11685 1.0143371457E8 0.0 1.165176536E7 4.076810569E7 1.093526234E7 1.030158855E7 2.857183886E7 2789860.94 0.0 6289774.09
5099 FACULDADE DE TECNOLOGIA DE SÃO BERNARDO DO CAMPO FATEC-SB 33 CENTRO ESTADUAL DE EDUCACAO TECNOLOGICA PAULA SOUZA 2 3 3548708 São Bernardo do Campo SP Sudeste 16 0 0 0.0 6.1181032298E8 0.0 3.3400059437E8 5.62536529E7 1.1221539621E8 5.05454398E7 5.789803393E7 897205.77 0.0
95 UNIVERSIDADE ESTADUAL DO VALE DO ACARAÚ UVA 75 UNIVERSIDADE ESTADUAL VALE DO ACARAU 2 1 2312908 Sobral CE Nordeste 205 7 5 1806928.15 7.045153218E7 641152.79 4.487541682E7 3121448.82 1.016829296E7 1.056116675E7 1411959.88 0.0 0.0
