240998470
121026236
86217633
64781699
52017414
62679893
129269212
126251746
126328970
126509193
110770845
44063910
45161402
58395241
58084248
15620248
15540486
15951823
3160303
3520470
3052700
3045836
1363478
3616075
3287807
3434634
62290249
62285328
61136746
61052859
60752832
1913659
1835661
162085
197988
2570529
4461654
4535089
5921190
6030186
3660596
2826240
150339579
215708837
215662209
216082937
220183119
75082523
8558702
8477593
9597442
4440827
2066813
3817330
4116385
2783948
5376409
42998095
53376138
53611412
53369915
50785424
13470001
1232622
71062423
72359583
72339454
72038535
72346811
71246841
70133850
70150292
70681955
70437958
1521912
1353801
1728235
1095669
876099
555265
19916614
21338781
24615246
24641046
31613938
12302272
11752379
8742923
42379921
102153411
111389812
110179715
112050426
137237613
70480867
62048201
143318285
207917906
149149541
149537643
156813337
97770157
97770157
164476468
165935269
157804025
138577183
78811348
20986312
19096038
85873779
139048526
132245281
190070316
334000594
225200679
169482236
202385908
138905875
95646994
160926943
186808740
186808740
220013232
258942196
221638116
