UFRJ raiz dir dir dir esq esq esq esq NÃO
PUCRS raiz dir dir esq dir dir esq esq dir NÃO
UCLA raiz dir dir esq dir dir dir esq NÃO
PUCMG raiz dir dir esq dir dir esq esq dir NÃO
UFRGS raiz dir dir dir esq esq esq esq NÃO
UFMG raiz dir dir esq dir dir dir dir dir NÃO
PUCPR raiz dir dir esq dir dir esq esq dir NÃO
PUCRIO raiz dir dir esq dir dir esq esq dir NÃO
FATERJ raiz dir esq esq esq esq SIM
FACESTA raiz esq esq dir dir SIM
CEUB raiz esq esq esq esq dir dir NÃO
FAZAG raiz dir esq esq SIM
AVANTIS raiz esq esq esq esq dir SIM
FASAR raiz esq dir dir SIM
PUCGO raiz dir dir esq dir dir esq esq dir NÃO
MIT raiz dir dir esq dir dir esq esq dir NÃO
FAEX raiz esq dir esq esq SIM
FLF raiz dir esq dir dir SIM
ENSITEC raiz esq esq dir esq esq SIM
UNIFRA raiz dir dir dir dir esq esq SIM
EMSM raiz esq esq SIM
UNINCOR raiz dir dir dir dir esq SIM
Laboro raiz dir dir esq dir dir esq esq SIM
FAMETA raiz esq dir esq dir dir SIM
IFRR raiz dir dir esq dir esq SIM
FCAT raiz dir esq esq dir esq SIM
FAT raiz esq dir dir dir esq SIM
UFPE raiz dir dir dir esq esq esq esq NÃO
SENAC raiz dir dir esq dir dir esq SIM
FARESI raiz esq dir dir esq dir SIM
SENAI raiz dir dir esq dir dir esq dir SIM
FAJANSSEN raiz esq dir esq esq dir dir SIM
UFERSA raiz dir dir esq dir dir dir dir SIM
FSA raiz dir dir esq esq SIM
OXFORD raiz dir dir esq dir dir esq esq dir NÃO
FAMA raiz esq dir esq dir esq esq SIM
USP raiz dir dir dir dir dir dir esq NÃO
FMO raiz dir esq dir dir dir dir SIM
UFMA raiz dir dir esq dir dir dir dir dir NÃO
FASPI raiz esq dir dir dir esq esq dir SIM
